{"C:\\Users\\mouha\\Desktop\\mentorat\\backend\\src\\server.js": {"path":"C:\\Users\\mouha\\Desktop\\mentorat\\backend\\src\\server.js","statementMap":{"0":{"start":{"line":7,"column":12},"end":{"line":7,"column":21}},"1":{"start":{"line":9,"column":0},"end":{"line":9,"column":24}},"2":{"start":{"line":10,"column":0},"end":{"line":10,"column":48}},"3":{"start":{"line":11,"column":0},"end":{"line":11,"column":24}},"4":{"start":{"line":12,"column":0},"end":{"line":12,"column":18}},"5":{"start":{"line":14,"column":0},"end":{"line":16,"column":3}},"6":{"start":{"line":15,"column":2},"end":{"line":15,"column":27}},"7":{"start":{"line":18,"column":0},"end":{"line":20,"column":3}},"8":{"start":{"line":19,"column":2},"end":{"line":19,"column":79}}},"fnMap":{"0":{"name":"(anonymous_0)","decl":{"start":{"line":14,"column":13},"end":{"line":14,"column":14}},"loc":{"start":{"line":14,"column":27},"end":{"line":16,"column":1}},"line":14},"1":{"name":"(anonymous_1)","decl":{"start":{"line":18,"column":27},"end":{"line":18,"column":28}},"loc":{"start":{"line":18,"column":33},"end":{"line":20,"column":1}},"line":18}},"branchMap":{},"s":{"0":1,"1":1,"2":1,"3":1,"4":1,"5":1,"6":1,"7":1,"8":1},"f":{"0":1,"1":1},"b":{},"inputSourceMap":null,"_coverageSchema":"1a1c01bbd47fc00a2c39e90264f33305004495a9","hash":"e323063a5b37c371b68c2867eeb3ce32d9177691"}
,"C:\\Users\\mouha\\Desktop\\mentorat\\backend\\src\\common\\utils\\get.env.js": {"path":"C:\\Users\\mouha\\Desktop\\mentorat\\backend\\src\\common\\utils\\get.env.js","statementMap":{"0":{"start":{"line":1,"column":22},"end":{"line":7,"column":1}},"1":{"start":{"line":2,"column":16},"end":{"line":2,"column":32}},"2":{"start":{"line":3,"column":2},"end":{"line":5,"column":3}},"3":{"start":{"line":4,"column":4},"end":{"line":4,"column":24}},"4":{"start":{"line":6,"column":2},"end":{"line":6,"column":15}}},"fnMap":{"0":{"name":"(anonymous_0)","decl":{"start":{"line":1,"column":22},"end":{"line":1,"column":23}},"loc":{"start":{"line":1,"column":45},"end":{"line":7,"column":1}},"line":1}},"branchMap":{"0":{"loc":{"start":{"line":3,"column":2},"end":{"line":5,"column":3}},"type":"if","locations":[{"start":{"line":3,"column":2},"end":{"line":5,"column":3}},{"start":{},"end":{}}],"line":3}},"s":{"0":4,"1":8,"2":8,"3":3,"4":5},"f":{"0":8},"b":{"0":[3,5]},"inputSourceMap":null,"_coverageSchema":"1a1c01bbd47fc00a2c39e90264f33305004495a9","hash":"8d596a1ddd6d64769d6a09cd6f74578ae75bc918"}
,"C:\\Users\\mouha\\Desktop\\mentorat\\backend\\src\\config\\env\\env.config.js": {"path":"C:\\Users\\mouha\\Desktop\\mentorat\\backend\\src\\config\\env\\env.config.js","statementMap":{"0":{"start":{"line":5,"column":0},"end":{"line":5,"column":16}},"1":{"start":{"line":6,"column":18},"end":{"line":9,"column":2}},"2":{"start":{"line":6,"column":25},"end":{"line":9,"column":1}},"3":{"start":{"line":11,"column":25},"end":{"line":11,"column":36}}},"fnMap":{"0":{"name":"(anonymous_0)","decl":{"start":{"line":6,"column":18},"end":{"line":6,"column":19}},"loc":{"start":{"line":6,"column":25},"end":{"line":9,"column":1}},"line":6}},"branchMap":{},"s":{"0":3,"1":3,"2":3,"3":3},"f":{"0":3},"b":{},"inputSourceMap":null,"_coverageSchema":"1a1c01bbd47fc00a2c39e90264f33305004495a9","hash":"be479592bc5e3579d43b9ee5913181f717fcc727"}
,"C:\\Users\\mouha\\Desktop\\mentorat\\backend\\src\\mailers\\server.js": {"path":"C:\\Users\\mouha\\Desktop\\mentorat\\backend\\src\\mailers\\server.js","statementMap":{"0":{"start":{"line":5,"column":12},"end":{"line":5,"column":21}},"1":{"start":{"line":6,"column":13},"end":{"line":6,"column":17}},"2":{"start":{"line":8,"column":0},"end":{"line":8,"column":24}},"3":{"start":{"line":9,"column":0},"end":{"line":9,"column":48}}},"fnMap":{},"branchMap":{},"s":{"0":0,"1":0,"2":0,"3":0},"f":{},"b":{},"inputSourceMap":null}
}
